# JRE version: OpenJDK Runtime Environment GraalVM CE 22.3.0 (17.0.5+8) (build 17.0.5+8-jvmci-22.3-b08)
# Java VM: OpenJDK 64-Bit Server VM GraalVM CE 22.3.0 (17.0.5+8-jvmci-22.3-b08, mixed mode, sharing, tiered, jvmci, jvmci compiler, compressed oops, compressed class ptrs, parallel gc, linux-amd64)
GC Precious Log:
 CPUs: 8 total, 1 available
 Memory: 1024M
 Large Page Support: Disabled
 NUMA Support: Disabled
 Compressed Oops: Enabled (32-bit)
 Alignments: Space 512K, Generation 512K, Heap 2M
 Heap Min Capacity: 100M
 Heap Initial Capacity: 100M
 Heap Max Capacity: 512M
 Pre-touch: Disabled
 Parallel Workers: 1
Heap:
 PSYoungGen      total 32768K, used 22015K [0x00000000f5580000, 0x00000000f9880000, 0x0000000100000000)
  eden space 22016K, 99% used [0x00000000f5580000,0x00000000f6affff8,0x00000000f6b00000)
  from space 10752K, 0% used [0x00000000f8180000,0x00000000f8180000,0x00000000f8c00000)
  to   space 23040K, 0% used [0x00000000f6b00000,0x00000000f6b00000,0x00000000f8180000)
 ParOldGen       total 349696K, used 349695K [0x00000000e0000000, 0x00000000f5580000, 0x00000000f5580000)
  object space 349696K, 99% used [0x00000000e0000000,0x00000000f557fff0,0x00000000f5580000)
 Metaspace       used 61750K, committed 63040K, reserved 1105920K
  class space    used 6070K, committed 6592K, reserved 1048576K
GC Heap History (20 events):
Event: 371.405 GC heap before
{Heap before GC invocations=323 (full 226):
 PSYoungGen      total 32768K, used 22016K [0x00000000f5580000, 0x00000000f9880000, 0x0000000100000000)
  eden space 22016K, 100% used [0x00000000f5580000,0x00000000f6b00000,0x00000000f6b00000)
  from space 10752K, 0% used [0x00000000f8180000,0x00000000f8180000,0x00000000f8c00000)
  to   space 23040K, 0% used [0x00000000f6b00000,0x00000000f6b00000,0x00000000f8180000)
 ParOldGen       total 349696K, used 349696K [0x00000000e0000000, 0x00000000f5580000, 0x00000000f5580000)
  object space 349696K, 100% used [0x00000000e0000000,0x00000000f5580000,0x00000000f5580000)
 Metaspace       used 61749K, committed 63040K, reserved 1105920K
  class space    used 6070K, committed 6592K, reserved 1048576K
}
Event: 372.415 GC heap after
{Heap after GC invocations=323 (full 226):
 PSYoungGen      total 45056K, used 22015K [0x00000000f5580000, 0x00000000f9880000, 0x0000000100000000)
  eden space 22016K, 99% used [0x00000000f5580000,0x00000000f6afffa8,0x00000000f6b00000)
  from space 23040K, 0% used [0x00000000f6b00000,0x00000000f6b00000,0x00000000f8180000)
  to   space 10752K, 0% used [0x00000000f8180000,0x00000000f8180000,0x00000000f8c00000)
 ParOldGen       total 349696K, used 349695K [0x00000000e0000000, 0x00000000f5580000, 0x00000000f5580000)
  object space 349696K, 99% used [0x00000000e0000000,0x00000000f557feb0,0x00000000f5580000)
 Metaspace       used 61749K, committed 63040K, reserved 1105920K
  class space    used 6070K, committed 6592K, reserved 1048576K
}
Event: 372.467 GC heap before
{Heap before GC invocations=324 (full 227):
 PSYoungGen      total 45056K, used 22015K [0x00000000f5580000, 0x00000000f9880000, 0x0000000100000000)
  eden space 22016K, 99% used [0x00000000f5580000,0x00000000f6affff8,0x00000000f6b00000)
  from space 23040K, 0% used [0x00000000f6b00000,0x00000000f6b00000,0x00000000f8180000)
  to   space 10752K, 0% used [0x00000000f8180000,0x00000000f8180000,0x00000000f8c00000)
 ParOldGen       total 349696K, used 349695K [0x00000000e0000000, 0x00000000f5580000, 0x00000000f5580000)
  object space 349696K, 99% used [0x00000000e0000000,0x00000000f557feb0,0x00000000f5580000)
 Metaspace       used 61750K, committed 63040K, reserved 1105920K
  class space    used 6070K, committed 6592K, reserved 1048576K
}
Event: 373.593 GC heap after
{Heap after GC invocations=324 (full 227):
 PSYoungGen      total 32768K, used 22015K [0x00000000f5580000, 0x00000000f9880000, 0x0000000100000000)
  eden space 22016K, 99% used [0x00000000f5580000,0x00000000f6afffc0,0x00000000f6b00000)
  from space 10752K, 0% used [0x00000000f8180000,0x00000000f8180000,0x00000000f8c00000)
  to   space 23040K, 0% used [0x00000000f6b00000,0x00000000f6b00000,0x00000000f8180000)
 ParOldGen       total 349696K, used 349695K [0x00000000e0000000, 0x00000000f5580000, 0x00000000f5580000)
  object space 349696K, 99% used [0x00000000e0000000,0x00000000f557feb0,0x00000000f5580000)
 Metaspace       used 61750K, committed 63040K, reserved 1105920K
  class space    used 6070K, committed 6592K, reserved 1048576K
}
Event: 373.593 GC heap before
{Heap before GC invocations=325 (full 228):
 PSYoungGen      total 32768K, used 22016K [0x00000000f5580000, 0x00000000f9880000, 0x0000000100000000)
  eden space 22016K, 100% used [0x00000000f5580000,0x00000000f6b00000,0x00000000f6b00000)
  from space 10752K, 0% used [0x00000000f8180000,0x00000000f8180000,0x00000000f8c00000)
  to   space 23040K, 0% used [0x00000000f6b00000,0x00000000f6b00000,0x00000000f8180000)
 ParOldGen       total 349696K, used 349695K [0x00000000e0000000, 0x00000000f5580000, 0x00000000f5580000)
  object space 349696K, 99% used [0x00000000e0000000,0x00000000f557feb0,0x00000000f5580000)
 Metaspace       used 61750K, committed 63040K, reserved 1105920K
  class space    used 6070K, committed 6592K, reserved 1048576K
}
Event: 374.673 GC heap after
{Heap after GC invocations=325 (full 228):
 PSYoungGen      total 45056K, used 22015K [0x00000000f5580000, 0x00000000f9880000, 0x0000000100000000)
  eden space 22016K, 99% used [0x00000000f5580000,0x00000000f6afffc0,0x00000000f6b00000)
  from space 23040K, 0% used [0x00000000f6b00000,0x00000000f6b00000,0x00000000f8180000)
  to   space 10752K, 0% used [0x00000000f8180000,0x00000000f8180000,0x00000000f8c00000)
 ParOldGen       total 349696K, used 349695K [0x00000000e0000000, 0x00000000f5580000, 0x00000000f5580000)
  object space 349696K, 99% used [0x00000000e0000000,0x00000000f557feb0,0x00000000f5580000)
 Metaspace       used 61750K, committed 63040K, reserved 1105920K
  class space    used 6070K, committed 6592K, reserved 1048576K
}
Event: 374.673 GC heap before
{Heap before GC invocations=326 (full 229):
 PSYoungGen      total 45056K, used 22016K [0x00000000f5580000, 0x00000000f9880000, 0x0000000100000000)
  eden space 22016K, 100% used [0x00000000f5580000,0x00000000f6b00000,0x00000000f6b00000)
  from space 23040K, 0% used [0x00000000f6b00000,0x00000000f6b00000,0x00000000f8180000)
  to   space 10752K, 0% used [0x00000000f8180000,0x00000000f8180000,0x00000000f8c00000)
 ParOldGen       total 349696K, used 349695K [0x00000000e0000000, 0x00000000f5580000, 0x00000000f5580000)
  object space 349696K, 99% used [0x00000000e0000000,0x00000000f557feb0,0x00000000f5580000)
 Metaspace       used 61750K, committed 63040K, reserved 1105920K
  class space    used 6070K, committed 6592K, reserved 1048576K
}
Event: 375.794 GC heap after
{Heap after GC invocations=326 (full 229):
 PSYoungGen      total 32768K, used 22015K [0x00000000f5580000, 0x00000000f9880000, 0x0000000100000000)
  eden space 22016K, 99% used [0x00000000f5580000,0x00000000f6afffc0,0x00000000f6b00000)
  from space 10752K, 0% used [0x00000000f8180000,0x00000000f8180000,0x00000000f8c00000)
  to   space 23040K, 0% used [0x00000000f6b00000,0x00000000f6b00000,0x00000000f8180000)
 ParOldGen       total 349696K, used 349695K [0x00000000e0000000, 0x00000000f5580000, 0x00000000f5580000)
  object space 349696K, 99% used [0x00000000e0000000,0x00000000f557feb0,0x00000000f5580000)
 Metaspace       used 61750K, committed 63040K, reserved 1105920K
  class space    used 6070K, committed 6592K, reserved 1048576K
}
Event: 375.801 GC heap before
{Heap before GC invocations=327 (full 230):
 PSYoungGen      total 32768K, used 22016K [0x00000000f5580000, 0x00000000f9880000, 0x0000000100000000)
  eden space 22016K, 100% used [0x00000000f5580000,0x00000000f6b00000,0x00000000f6b00000)
  from space 10752K, 0% used [0x00000000f8180000,0x00000000f8180000,0x00000000f8c00000)
  to   space 23040K, 0% used [0x00000000f6b00000,0x00000000f6b00000,0x00000000f8180000)
 ParOldGen       total 349696K, used 349695K [0x00000000e0000000, 0x00000000f5580000, 0x00000000f5580000)
  object space 349696K, 99% used [0x00000000e0000000,0x00000000f557feb0,0x00000000f5580000)
 Metaspace       used 61750K, committed 63040K, reserved 1105920K
  class space    used 6070K, committed 6592K, reserved 1048576K
}
Event: 377.077 GC heap after
{Heap after GC invocations=327 (full 230):
 PSYoungGen      total 45056K, used 22015K [0x00000000f5580000, 0x00000000f9880000, 0x0000000100000000)
  eden space 22016K, 99% used [0x00000000f5580000,0x00000000f6afffc0,0x00000000f6b00000)
  from space 23040K, 0% used [0x00000000f6b00000,0x00000000f6b00000,0x00000000f8180000)
  to   space 10752K, 0% used [0x00000000f8180000,0x00000000f8180000,0x00000000f8c00000)
 ParOldGen       total 349696K, used 349695K [0x00000000e0000000, 0x00000000f5580000, 0x00000000f5580000)
  object space 349696K, 99% used [0x00000000e0000000,0x00000000f557feb0,0x00000000f5580000)
 Metaspace       used 61750K, committed 63040K, reserved 1105920K
  class space    used 6070K, committed 6592K, reserved 1048576K
}
Event: 377.078 GC heap before
{Heap before GC invocations=328 (full 231):
 PSYoungGen      total 45056K, used 22016K [0x00000000f5580000, 0x00000000f9880000, 0x0000000100000000)
  eden space 22016K, 100% used [0x00000000f5580000,0x00000000f6b00000,0x00000000f6b00000)
  from space 23040K, 0% used [0x00000000f6b00000,0x00000000f6b00000,0x00000000f8180000)
  to   space 10752K, 0% used [0x00000000f8180000,0x00000000f8180000,0x00000000f8c00000)
 ParOldGen       total 349696K, used 349695K [0x00000000e0000000, 0x00000000f5580000, 0x00000000f5580000)
  object space 349696K, 99% used [0x00000000e0000000,0x00000000f557feb0,0x00000000f5580000)
 Metaspace       used 61750K, committed 63040K, reserved 1105920K
  class space    used 6070K, committed 6592K, reserved 1048576K
}
Event: 378.281 GC heap after
{Heap after GC invocations=328 (full 231):
 PSYoungGen      total 32768K, used 22015K [0x00000000f5580000, 0x00000000f9880000, 0x0000000100000000)
  eden space 22016K, 99% used [0x00000000f5580000,0x00000000f6afffc0,0x00000000f6b00000)
  from space 10752K, 0% used [0x00000000f8180000,0x00000000f8180000,0x00000000f8c00000)
  to   space 23040K, 0% used [0x00000000f6b00000,0x00000000f6b00000,0x00000000f8180000)
 ParOldGen       total 349696K, used 349695K [0x00000000e0000000, 0x00000000f5580000, 0x00000000f5580000)
  object space 349696K, 99% used [0x00000000e0000000,0x00000000f557feb0,0x00000000f5580000)
 Metaspace       used 61750K, committed 63040K, reserved 1105920K
  class space    used 6070K, committed 6592K, reserved 1048576K
}
Event: 378.282 GC heap before
{Heap before GC invocations=329 (full 232):
 PSYoungGen      total 32768K, used 22015K [0x00000000f5580000, 0x00000000f9880000, 0x0000000100000000)
  eden space 22016K, 99% used [0x00000000f5580000,0x00000000f6afffe8,0x00000000f6b00000)
  from space 10752K, 0% used [0x00000000f8180000,0x00000000f8180000,0x00000000f8c00000)
  to   space 23040K, 0% used [0x00000000f6b00000,0x00000000f6b00000,0x00000000f8180000)
 ParOldGen       total 349696K, used 349695K [0x00000000e0000000, 0x00000000f5580000, 0x00000000f5580000)
  object space 349696K, 99% used [0x00000000e0000000,0x00000000f557feb0,0x00000000f5580000)
 Metaspace       used 61750K, committed 63040K, reserved 1105920K
  class space    used 6070K, committed 6592K, reserved 1048576K
}
Event: 379.596 GC heap after
{Heap after GC invocations=329 (full 232):
 PSYoungGen      total 45056K, used 22015K [0x00000000f5580000, 0x00000000f9880000, 0x0000000100000000)
  eden space 22016K, 99% used [0x00000000f5580000,0x00000000f6afffd8,0x00000000f6b00000)
  from space 23040K, 0% used [0x00000000f6b00000,0x00000000f6b00000,0x00000000f8180000)
  to   space 10752K, 0% used [0x00000000f8180000,0x00000000f8180000,0x00000000f8c00000)
 ParOldGen       total 349696K, used 349695K [0x00000000e0000000, 0x00000000f5580000, 0x00000000f5580000)
  object space 349696K, 99% used [0x00000000e0000000,0x00000000f557feb0,0x00000000f5580000)
 Metaspace       used 61750K, committed 63040K, reserved 1105920K
  class space    used 6070K, committed 6592K, reserved 1048576K
}
Event: 379.596 GC heap before
{Heap before GC invocations=330 (full 233):
 PSYoungGen      total 45056K, used 22015K [0x00000000f5580000, 0x00000000f9880000, 0x0000000100000000)
  eden space 22016K, 99% used [0x00000000f5580000,0x00000000f6afffd8,0x00000000f6b00000)
  from space 23040K, 0% used [0x00000000f6b00000,0x00000000f6b00000,0x00000000f8180000)
  to   space 10752K, 0% used [0x00000000f8180000,0x00000000f8180000,0x00000000f8c00000)
 ParOldGen       total 349696K, used 349695K [0x00000000e0000000, 0x00000000f5580000, 0x00000000f5580000)
  object space 349696K, 99% used [0x00000000e0000000,0x00000000f557feb0,0x00000000f5580000)
 Metaspace       used 61750K, committed 63040K, reserved 1105920K
  class space    used 6070K, committed 6592K, reserved 1048576K
}
Event: 380.873 GC heap after
{Heap after GC invocations=330 (full 233):
 PSYoungGen      total 32768K, used 22015K [0x00000000f5580000, 0x00000000f9880000, 0x0000000100000000)
  eden space 22016K, 99% used [0x00000000f5580000,0x00000000f6afffd8,0x00000000f6b00000)
  from space 10752K, 0% used [0x00000000f8180000,0x00000000f8180000,0x00000000f8c00000)
  to   space 23040K, 0% used [0x00000000f6b00000,0x00000000f6b00000,0x00000000f8180000)
 ParOldGen       total 349696K, used 349695K [0x00000000e0000000, 0x00000000f5580000, 0x00000000f5580000)
  object space 349696K, 99% used [0x00000000e0000000,0x00000000f557feb0,0x00000000f5580000)
 Metaspace       used 61750K, committed 63040K, reserved 1105920K
  class space    used 6070K, committed 6592K, reserved 1048576K
}
Event: 380.874 GC heap before
{Heap before GC invocations=331 (full 234):
 PSYoungGen      total 32768K, used 22015K [0x00000000f5580000, 0x00000000f9880000, 0x0000000100000000)
  eden space 22016K, 99% used [0x00000000f5580000,0x00000000f6afffd8,0x00000000f6b00000)
  from space 10752K, 0% used [0x00000000f8180000,0x00000000f8180000,0x00000000f8c00000)
  to   space 23040K, 0% used [0x00000000f6b00000,0x00000000f6b00000,0x00000000f8180000)
 ParOldGen       total 349696K, used 349695K [0x00000000e0000000, 0x00000000f5580000, 0x00000000f5580000)
  object space 349696K, 99% used [0x00000000e0000000,0x00000000f557feb0,0x00000000f5580000)
 Metaspace       used 61750K, committed 63040K, reserved 1105920K
  class space    used 6070K, committed 6592K, reserved 1048576K
}
Event: 382.196 GC heap after
{Heap after GC invocations=331 (full 234):
 PSYoungGen      total 45056K, used 22015K [0x00000000f5580000, 0x00000000f9880000, 0x0000000100000000)
  eden space 22016K, 99% used [0x00000000f5580000,0x00000000f6afffd8,0x00000000f6b00000)
  from space 23040K, 0% used [0x00000000f6b00000,0x00000000f6b00000,0x00000000f8180000)
  to   space 10752K, 0% used [0x00000000f8180000,0x00000000f8180000,0x00000000f8c00000)
 ParOldGen       total 349696K, used 349695K [0x00000000e0000000, 0x00000000f5580000, 0x00000000f5580000)
  object space 349696K, 99% used [0x00000000e0000000,0x00000000f557feb0,0x00000000f5580000)
 Metaspace       used 61750K, committed 63040K, reserved 1105920K
  class space    used 6070K, committed 6592K, reserved 1048576K
}
Event: 382.196 GC heap before
{Heap before GC invocations=332 (full 235):
 PSYoungGen      total 45056K, used 22015K [0x00000000f5580000, 0x00000000f9880000, 0x0000000100000000)
  eden space 22016K, 99% used [0x00000000f5580000,0x00000000f6afffd8,0x00000000f6b00000)
  from space 23040K, 0% used [0x00000000f6b00000,0x00000000f6b00000,0x00000000f8180000)
  to   space 10752K, 0% used [0x00000000f8180000,0x00000000f8180000,0x00000000f8c00000)
 ParOldGen       total 349696K, used 349695K [0x00000000e0000000, 0x00000000f5580000, 0x00000000f5580000)
  object space 349696K, 99% used [0x00000000e0000000,0x00000000f557feb0,0x00000000f5580000)
 Metaspace       used 61750K, committed 63040K, reserved 1105920K
  class space    used 6070K, committed 6592K, reserved 1048576K
}
Event: 383.414 GC heap after
{Heap after GC invocations=332 (full 235):
 PSYoungGen      total 32768K, used 22015K [0x00000000f5580000, 0x00000000f9880000, 0x0000000100000000)
  eden space 22016K, 99% used [0x00000000f5580000,0x00000000f6afffd8,0x00000000f6b00000)
  from space 10752K, 0% used [0x00000000f8180000,0x00000000f8180000,0x00000000f8c00000)
  to   space 23040K, 0% used [0x00000000f6b00000,0x00000000f6b00000,0x00000000f8180000)
 ParOldGen       total 349696K, used 349695K [0x00000000e0000000, 0x00000000f5580000, 0x00000000f5580000)
  object space 349696K, 99% used [0x00000000e0000000,0x00000000f557feb0,0x00000000f5580000)
 Metaspace       used 61750K, committed 63040K, reserved 1105920K
  class space    used 6070K, committed 6592K, reserved 1048576K
}

